Added Component: Designator=D1(RES_0603)
Added Component: Designator=D2(RES_0603)
Added Component: Designator=D3(RES_0603)
Added Component: Designator=R9(RES_0603)
Added Component: Designator=R10(RES_0603)
Added Component: Designator=R11(RES_0603)
Added Pin To Net: NetName=D3V3 Pin=D1-1
Added Pin To Net: NetName=D3V3 Pin=D2-1
Added Pin To Net: NetName=D3V3 Pin=D3-1
Added Pin To Net: NetName=BLUE_LED Pin=R11-1
Added Pin To Net: NetName=BLUE_LED Pin=U2-25
Added Net: Name=BLUE_LED
Added Pin To Net: NetName=NetD1_2 Pin=D1-2
Added Pin To Net: NetName=NetD1_2 Pin=R9-2
Added Net: Name=NetD1_2
Added Pin To Net: NetName=NetD2_2 Pin=D2-2
Added Pin To Net: NetName=NetD2_2 Pin=R10-2
Added Net: Name=NetD2_2
Added Pin To Net: NetName=NetD3_2 Pin=D3-2
Added Pin To Net: NetName=NetD3_2 Pin=R11-2
Added Net: Name=NetD3_2
Added Pin To Net: NetName=RED_LED Pin=R9-1
Added Pin To Net: NetName=RED_LED Pin=U2-23
Added Net: Name=RED_LED
Added Pin To Net: NetName=YELLOW_LED Pin=R10-1
Added Pin To Net: NetName=YELLOW_LED Pin=U2-24
Added Net: Name=YELLOW_LED
Added Member To Class: ClassName=Audio module Member=Component D1 RED_LED
Added Member To Class: ClassName=Audio module Member=Component D2 YELLOW_LED
Added Member To Class: ClassName=Audio module Member=Component D3 BLUE_LED
Added Member To Class: ClassName=Audio module Member=Component R9 RES
Added Member To Class: ClassName=Audio module Member=Component R10 RES
Added Member To Class: ClassName=Audio module Member=Component R11 RES
