Added Component: Designator=C1(0603-2)
Added Component: Designator=C2(0603-2)
Added Component: Designator=C3(0603-2)
Added Component: Designator=C4(0603-2)
Added Component: Designator=C5(0603-2)
Added Component: Designator=C6(0603-2)
Added Component: Designator=C7(0603-2)
Added Component: Designator=C8(0603-2)
Added Component: Designator=C9(0603-2)
Added Component: Designator=C10(0603-2)
Added Component: Designator=L1(0805-1)
Added Component: Designator=P1(HDR6X1_A)
Added Component: Designator=P2(HDR2X1_A)
Added Component: Designator=P3(HDR4X1_A)
Added Component: Designator=Q1(SOT-23)
Added Component: Designator=Q2(SOT-23)
Added Component: Designator=R1(RES-0603)
Added Component: Designator=R2(RES-0603)
Added Component: Designator=R3(0603-1)
Added Component: Designator=R4(0603-1)
Added Component: Designator=R5(RES-0603)
Added Component: Designator=R6(RES-0603)
Added Component: Designator=R7(RES-0603)
Added Component: Designator=R8(RES-0603)
Added Component: Designator=U1(SOT-223)
Added Component: Designator=U2(QFN28)
Added Component: Designator=U3(SOP-8)
Added Pin To Net: NetName=GND Pin=C1-1
Added Pin To Net: NetName=D3V3 Pin=C1-2
Added Pin To Net: NetName=GND Pin=C2-1
Added Pin To Net: NetName=D3V3 Pin=C2-2
Added Pin To Net: NetName=GND Pin=C3-1
Added Pin To Net: NetName=A3V3 Pin=C3-2
Added Pin To Net: NetName=A3V3 Pin=C4-1
Added Pin To Net: NetName=GND Pin=C4-2
Added Pin To Net: NetName=GND Pin=C5-1
Added Pin To Net: NetName=D3V3 Pin=C5-2
Added Pin To Net: NetName=GND Pin=C6-1
Added Pin To Net: NetName=+5V Pin=C6-2
Added Pin To Net: NetName=+5V Pin=C7-1
Added Pin To Net: NetName=GND Pin=C7-2
Added Pin To Net: NetName=NetC8_1 Pin=C8-1
Added Pin To Net: NetName=GND Pin=C8-2
Added Pin To Net: NetName=GND Pin=C9-1
Added Pin To Net: NetName=NRST Pin=C9-2
Added Pin To Net: NetName=NetC10_1 Pin=C10-1
Added Pin To Net: NetName=DA Pin=C10-2
Added Pin To Net: NetName=D3V3 Pin=L1-1
Added Pin To Net: NetName=A3V3 Pin=L1-2
Added Pin To Net: NetName=GND Pin=P1-1
Added Pin To Net: NetName=GND Pin=P1-2
Added Pin To Net: NetName=+5V Pin=P1-3
Added Pin To Net: NetName=RX Pin=P1-4
Added Pin To Net: NetName=TX Pin=P1-5
Added Pin To Net: NetName=GND Pin=P1-6
Added Pin To Net: NetName=NetP2_1 Pin=P2-1
Added Pin To Net: NetName=NetP2_2 Pin=P2-2
Added Pin To Net: NetName=D3V3 Pin=P3-1
Added Pin To Net: NetName=SWCLK Pin=P3-2
Added Pin To Net: NetName=SWIO Pin=P3-3
Added Pin To Net: NetName=GND Pin=P3-4
Added Pin To Net: NetName=NetR1_1 Pin=R1-1
Added Pin To Net: NetName=GND Pin=R1-2
Added Pin To Net: NetName=NRST Pin=R2-1
Added Pin To Net: NetName=D3V3 Pin=R2-2
Added Pin To Net: NetName=NetC10_1 Pin=R3-1
Added Pin To Net: NetName=NetR3_2 Pin=R3-2
Added Pin To Net: NetName=NetR3_2 Pin=R4-1
Added Pin To Net: NetName=NetP2_2 Pin=R4-2
Added Pin To Net: NetName=TXD Pin=R5-1
Added Pin To Net: NetName=D3V3 Pin=R5-2
Added Pin To Net: NetName=TX Pin=R6-1
Added Pin To Net: NetName=+5V Pin=R6-2
Added Pin To Net: NetName=RXD Pin=R7-1
Added Pin To Net: NetName=D3V3 Pin=R7-2
Added Pin To Net: NetName=RX Pin=R8-1
Added Pin To Net: NetName=+5V Pin=R8-2
Added Pin To Net: NetName=GND Pin=U1-1
Added Pin To Net: NetName=D3V3 Pin=U1-2
Added Pin To Net: NetName=+5V Pin=U1-3
Added Pin To Net: NetName=NetR1_1 Pin=U2-1
Added Pin To Net: NetName=NRST Pin=U2-4
Added Pin To Net: NetName=A3V3 Pin=U2-5
Added Pin To Net: NetName=TXD Pin=U2-8
Added Pin To Net: NetName=RXD Pin=U2-9
Added Pin To Net: NetName=DA Pin=U2-10
Added Pin To Net: NetName=D3V3 Pin=U2-16
Added Pin To Net: NetName=SWIO Pin=U2-21
Added Pin To Net: NetName=SWCLK Pin=U2-22
Added Pin To Net: NetName=GND Pin=U3-1
Added Pin To Net: NetName=NetC8_1 Pin=U3-2
Added Pin To Net: NetName=NetC8_1 Pin=U3-3
Added Pin To Net: NetName=NetR3_2 Pin=U3-4
Added Pin To Net: NetName=NetP2_2 Pin=U3-5
Added Pin To Net: NetName=+5V Pin=U3-6
Added Pin To Net: NetName=GND Pin=U3-7
Added Pin To Net: NetName=NetP2_1 Pin=U3-8
Added Member To Class: ClassName=Audio module Member=Component C1 Cap
Added Member To Class: ClassName=Audio module Member=Component C2 Cap
Added Member To Class: ClassName=Audio module Member=Component C3 Cap
Added Member To Class: ClassName=Audio module Member=Component C4 Cap
Added Member To Class: ClassName=Audio module Member=Component C5 Cap
Added Member To Class: ClassName=Audio module Member=Component C6 Cap
Added Member To Class: ClassName=Audio module Member=Component C7 Cap
Added Member To Class: ClassName=Audio module Member=Component C8 Cap
Added Member To Class: ClassName=Audio module Member=Component C9 Cap
Added Member To Class: ClassName=Audio module Member=Component C10 Cap
Added Member To Class: ClassName=Audio module Member=Component L1 Inductor
Added Member To Class: ClassName=Audio module Member=Component P1 Header6
Added Member To Class: ClassName=Audio module Member=Component P2 PZ-1*2
Added Member To Class: ClassName=Audio module Member=Component P3 PZ-1*4
Added Member To Class: ClassName=Audio module Member=Component Q1 AP2306
Added Member To Class: ClassName=Audio module Member=Component Q2 AP2306
Added Member To Class: ClassName=Audio module Member=Component R1 10K
Added Member To Class: ClassName=Audio module Member=Component R2 10K
Added Member To Class: ClassName=Audio module Member=Component R3 Res1
Added Member To Class: ClassName=Audio module Member=Component R4 Res1
Added Member To Class: ClassName=Audio module Member=Component R5 10K
Added Member To Class: ClassName=Audio module Member=Component R6 10K
Added Member To Class: ClassName=Audio module Member=Component R7 10K
Added Member To Class: ClassName=Audio module Member=Component R8 10K
Added Member To Class: ClassName=Audio module Member=Component U1 AS1117-3.3
Added Member To Class: ClassName=Audio module Member=Component U2 GD32F150G4U6
Added Member To Class: ClassName=Audio module Member=Component U3 E8002A
Added Room: Name=Audio module
